Operating system: Microsoft Windows NT 6.2.9200.0
Opening INI file "..\SonLVL INIs\SonLVL.ini"...
Game type is S1.
Loading Scar Night Place / Star Agony Place...
Loading palette file "../pallet/sonic.bin"...
Source: 0 Destination: 0 Length: 16
Loading 16x16 blocks from file "../map16/slz.bin", using compression Enigma...
Loading palette file "../pallet/slz.bin"...
Source: 0 Destination: 16 Length: 48
Loading 8x8 tiles from file "../artnem/8x8slz.bin", using compression Nemesis...
Loading 256x256 chunks from file "../map256/slz.bin", using compression Kosinski...
Loading FG layout from file "../levels/slz2.bin", using compression Uncompressed...
Loading BG layout from file "../levels/slzbg.bin", using compression Uncompressed...
Loading object definition file "obj.ini".
Loading object definition file "objSLZ.ini".
Loading ObjectDefinition type S1ObjectDefinitions.Common.Ring from "Common\Ring.cs"...
Loading ObjectDefinition type S1ObjectDefinitions.Common.InvisibleBlock from "Common\InvisibleBlock.cs"...
Loading ObjectDefinition type S1ObjectDefinitions.SLZ.SwingingPlatform from "SLZ\SwingingPlatform.cs"...
Loading type from cached assembly "dllcache\S1ObjectDefinitions.Common.Ring.dll"...
Loading type from cached assembly "dllcache\S1ObjectDefinitions.SLZ.SwingingPlatform.dll"...
Loading type from cached assembly "dllcache\S1ObjectDefinitions.Common.InvisibleBlock.dll"...
Loading type from cached assembly "dllcache\S1ObjectDefinitions.SLZ.Elevator.dll"...
Loading objects from file "../objpos/slz2.bin", using compression Uncompressed...
Drawing block bitmaps...
Drawing chunk bitmaps...
Level loaded in 0,221301 second(s).
Load completed.
Loading Scar Night Place / Star Agony Place...
Loading 16x16 blocks from file "../map16/slz.bin", using compression Enigma...
Loading 256x256 chunks from file "../map256/slz.bin", using compression Kosinski...
Loading palette file "../pallet/sonic.bin"...
Source: 0 Destination: 0 Length: 16
Loading FG layout from file "../levels/slz2.bin", using compression Uncompressed...
Loading 8x8 tiles from file "../artnem/8x8slz.bin", using compression Nemesis...
Loading palette file "../pallet/slz.bin"...
Source: 0 Destination: 16 Length: 48
Loading BG layout from file "../levels/slzbg.bin", using compression Uncompressed...
Loading object definition file "obj.ini".
Loading object definition file "objSLZ.ini".
Loading ObjectDefinition type S1ObjectDefinitions.Common.Ring from "Common\Ring.cs"...
Loading ObjectDefinition type S1ObjectDefinitions.Common.InvisibleBlock from "Common\InvisibleBlock.cs"...
Loading type from cached assembly "dllcache\S1ObjectDefinitions.Common.Ring.dll"...
Loading ObjectDefinition type S1ObjectDefinitions.SLZ.SwingingPlatform from "SLZ\SwingingPlatform.cs"...
Loading type from cached assembly "dllcache\S1ObjectDefinitions.Common.InvisibleBlock.dll"...
Loading type from cached assembly "dllcache\S1ObjectDefinitions.SLZ.SwingingPlatform.dll"...
Loading type from cached assembly "dllcache\S1ObjectDefinitions.SLZ.Elevator.dll"...
Loading objects from file "../objpos/slz2.bin", using compression Uncompressed...
Drawing block bitmaps...
Drawing chunk bitmaps...
Level loaded in 0,0959711 second(s).
Load completed.
System.OutOfMemoryException: Nicht genügend Arbeitsspeicher.
   bei System.Drawing.Graphics.CheckErrorStatus(Int32 status)
   bei System.Drawing.Graphics.DrawImage(Image image, Int32 x, Int32 y, Int32 width, Int32 height)
   bei SonicRetro.SonLVL.GUI.MainForm.DrawLevel() in C:\Programs\SonLVL\SonLVL\MainForm.cs:Zeile 1939.
   bei SonicRetro.SonLVL.GUI.MainForm.panel_Paint(Object sender, PaintEventArgs e) in C:\Programs\SonLVL\SonLVL\MainForm.cs:Zeile 2002.
   bei System.Windows.Forms.PaintEventHandler.Invoke(Object sender, PaintEventArgs e)
   bei SonicRetro.SonLVL.ScrollingPanel.panel_Paint(Object sender, PaintEventArgs e) in C:\Programs\SonLVL\SonLVL\ScrollingPanel.cs:Zeile 125.
   bei System.Windows.Forms.Control.OnPaint(PaintEventArgs e)
   bei System.Windows.Forms.Control.PaintWithErrorHandling(PaintEventArgs e, Int16 layer)
   bei System.Windows.Forms.Control.WmPaint(Message& m)
   bei System.Windows.Forms.Control.WndProc(Message& m)
   bei System.Windows.Forms.ScrollableControl.WndProc(Message& m)
   bei System.Windows.Forms.ContainerControl.WndProc(Message& m)
   bei System.Windows.Forms.UserControl.WndProc(Message& m)
   bei System.Windows.Forms.Control.ControlNativeWindow.OnMessage(Message& m)
   bei System.Windows.Forms.Control.ControlNativeWindow.WndProc(Message& m)
   bei System.Windows.Forms.NativeWindow.Callback(IntPtr hWnd, Int32 msg, IntPtr wparam, IntPtr lparam)
System.OutOfMemoryException: Nicht genügend Arbeitsspeicher.
   bei System.Drawing.Graphics.CheckErrorStatus(Int32 status)
   bei System.Drawing.Graphics.DrawImage(Image image, Int32 x, Int32 y, Int32 width, Int32 height)
   bei SonicRetro.SonLVL.GUI.MainForm.DrawLevel() in C:\Programs\SonLVL\SonLVL\MainForm.cs:Zeile 1939.
   bei SonicRetro.SonLVL.GUI.MainForm.zoomToolStripMenuItem_DropDownItemClicked(Object sender, ToolStripItemClickedEventArgs e) in C:\Programs\SonLVL\SonLVL\MainForm.cs:Zeile 1184.
   bei SonicRetro.SonLVL.GUI.MainForm.panel_KeyDown(Object sender, KeyEventArgs e) in C:\Programs\SonLVL\SonLVL\MainForm.cs:Zeile 2512.
   bei SonicRetro.SonLVL.GUI.MainForm.backgroundPanel_KeyDown(Object sender, KeyEventArgs e) in C:\Programs\SonLVL\SonLVL\MainForm.cs:Zeile 2394.
   bei System.Windows.Forms.KeyEventHandler.Invoke(Object sender, KeyEventArgs e)
   bei SonicRetro.SonLVL.ScrollingPanel.panel_KeyDown(Object sender, KeyEventArgs e) in C:\Programs\SonLVL\SonLVL\ScrollingPanel.cs:Zeile 130.
   bei System.Windows.Forms.Control.OnKeyDown(KeyEventArgs e)
   bei System.Windows.Forms.Control.ProcessKeyEventArgs(Message& m)
   bei System.Windows.Forms.Control.ProcessKeyMessage(Message& m)
   bei System.Windows.Forms.Control.WmKeyChar(Message& m)
   bei System.Windows.Forms.Control.WndProc(Message& m)
   bei System.Windows.Forms.ScrollableControl.WndProc(Message& m)
   bei System.Windows.Forms.ContainerControl.WndProc(Message& m)
   bei System.Windows.Forms.UserControl.WndProc(Message& m)
   bei System.Windows.Forms.Control.ControlNativeWindow.OnMessage(Message& m)
   bei System.Windows.Forms.Control.ControlNativeWindow.WndProc(Message& m)
   bei System.Windows.Forms.NativeWindow.Callback(IntPtr hWnd, Int32 msg, IntPtr wparam, IntPtr lparam)
